[2023-01-03T08:38:51.513] [ERROR] error - Error: User validation failed: birthdate: Path `birthdate` is required., lastname: Path `lastname` is required.
    at ValidationError.inspect (C:\Users\ramon\OneDrive\Escritorio\procoder\node_modules\mongoose\lib\error\validation.js:50:26)
    at formatValue (node:internal/util/inspect:782:19)
    at inspect (node:internal/util/inspect:347:10)
    at formatWithOptionsInternal (node:internal/util/inspect:2167:40)
    at Object.format (node:internal/util/inspect:2021:10)
    at basicLayout (C:\Users\ramon\OneDrive\Escritorio\procoder\node_modules\log4js\lib\layouts.js:65:52)
    at app (C:\Users\ramon\OneDrive\Escritorio\procoder\node_modules\log4js\lib\appenders\file.js:98:23)
    at C:\Users\ramon\OneDrive\Escritorio\procoder\node_modules\log4js\lib\log4js.js:43:5
    at Array.forEach (<anonymous>)
    at sendLogEventToAppender (C:\Users\ramon\OneDrive\Escritorio\procoder\node_modules\log4js\lib\log4js.js:42:21) {
  errors: {
    birthdate: ValidatorError: Path `birthdate` is required.
        at validate (C:\Users\ramon\OneDrive\Escritorio\procoder\node_modules\mongoose\lib\schematype.js:1346:13)
        at SchemaString.SchemaType.doValidate (C:\Users\ramon\OneDrive\Escritorio\procoder\node_modules\mongoose\lib\schematype.js:1330:7)
        at C:\Users\ramon\OneDrive\Escritorio\procoder\node_modules\mongoose\lib\document.js:2903:18
        at processTicksAndRejections (node:internal/process/task_queues:78:11) {
      properties: [Object],
      kind: 'required',
      path: 'birthdate',
      value: undefined,
      reason: undefined,
      [Symbol(mongoose:validatorError)]: true
    },
    lastname: ValidatorError: Path `lastname` is required.
        at validate (C:\Users\ramon\OneDrive\Escritorio\procoder\node_modules\mongoose\lib\schematype.js:1346:13)
        at SchemaString.SchemaType.doValidate (C:\Users\ramon\OneDrive\Escritorio\procoder\node_modules\mongoose\lib\schematype.js:1330:7)
        at C:\Users\ramon\OneDrive\Escritorio\procoder\node_modules\mongoose\lib\document.js:2903:18
        at processTicksAndRejections (node:internal/process/task_queues:78:11) {
      properties: [Object],
      kind: 'required',
      path: 'lastname',
      value: undefined,
      reason: undefined,
      [Symbol(mongoose:validatorError)]: true
    }
  },
  _message: 'User validation failed'
}
[2023-01-03T08:58:01.213] [ERROR] error - Error: User validation failed: firstname: Path `firstname` is required.
    at ValidationError.inspect (C:\Users\ramon\OneDrive\Escritorio\procoder\node_modules\mongoose\lib\error\validation.js:50:26)
    at formatValue (node:internal/util/inspect:782:19)
    at inspect (node:internal/util/inspect:347:10)
    at formatWithOptionsInternal (node:internal/util/inspect:2167:40)
    at Object.format (node:internal/util/inspect:2021:10)
    at basicLayout (C:\Users\ramon\OneDrive\Escritorio\procoder\node_modules\log4js\lib\layouts.js:65:52)
    at app (C:\Users\ramon\OneDrive\Escritorio\procoder\node_modules\log4js\lib\appenders\file.js:98:23)
    at C:\Users\ramon\OneDrive\Escritorio\procoder\node_modules\log4js\lib\log4js.js:43:5
    at Array.forEach (<anonymous>)
    at sendLogEventToAppender (C:\Users\ramon\OneDrive\Escritorio\procoder\node_modules\log4js\lib\log4js.js:42:21) {
  errors: {
    firstname: ValidatorError: Path `firstname` is required.
        at validate (C:\Users\ramon\OneDrive\Escritorio\procoder\node_modules\mongoose\lib\schematype.js:1346:13)
        at SchemaString.SchemaType.doValidate (C:\Users\ramon\OneDrive\Escritorio\procoder\node_modules\mongoose\lib\schematype.js:1330:7)
        at C:\Users\ramon\OneDrive\Escritorio\procoder\node_modules\mongoose\lib\document.js:2903:18
        at processTicksAndRejections (node:internal/process/task_queues:78:11) {
      properties: [Object],
      kind: 'required',
      path: 'firstname',
      value: undefined,
      reason: undefined,
      [Symbol(mongoose:validatorError)]: true
    }
  },
  _message: 'User validation failed'
}
[2023-01-03T08:58:06.795] [ERROR] error - Error: User validation failed: firstname: Path `firstname` is required.
    at ValidationError.inspect (C:\Users\ramon\OneDrive\Escritorio\procoder\node_modules\mongoose\lib\error\validation.js:50:26)
    at formatValue (node:internal/util/inspect:782:19)
    at inspect (node:internal/util/inspect:347:10)
    at formatWithOptionsInternal (node:internal/util/inspect:2167:40)
    at Object.format (node:internal/util/inspect:2021:10)
    at basicLayout (C:\Users\ramon\OneDrive\Escritorio\procoder\node_modules\log4js\lib\layouts.js:65:52)
    at app (C:\Users\ramon\OneDrive\Escritorio\procoder\node_modules\log4js\lib\appenders\file.js:98:23)
    at C:\Users\ramon\OneDrive\Escritorio\procoder\node_modules\log4js\lib\log4js.js:43:5
    at Array.forEach (<anonymous>)
    at sendLogEventToAppender (C:\Users\ramon\OneDrive\Escritorio\procoder\node_modules\log4js\lib\log4js.js:42:21) {
  errors: {
    firstname: ValidatorError: Path `firstname` is required.
        at validate (C:\Users\ramon\OneDrive\Escritorio\procoder\node_modules\mongoose\lib\schematype.js:1346:13)
        at SchemaString.SchemaType.doValidate (C:\Users\ramon\OneDrive\Escritorio\procoder\node_modules\mongoose\lib\schematype.js:1330:7)
        at C:\Users\ramon\OneDrive\Escritorio\procoder\node_modules\mongoose\lib\document.js:2903:18
        at processTicksAndRejections (node:internal/process/task_queues:78:11) {
      properties: [Object],
      kind: 'required',
      path: 'firstname',
      value: undefined,
      reason: undefined,
      [Symbol(mongoose:validatorError)]: true
    }
  },
  _message: 'User validation failed'
}
[2023-01-03T08:58:16.250] [ERROR] error - Error: User validation failed: firstname: Path `firstname` is required.
    at ValidationError.inspect (C:\Users\ramon\OneDrive\Escritorio\procoder\node_modules\mongoose\lib\error\validation.js:50:26)
    at formatValue (node:internal/util/inspect:782:19)
    at inspect (node:internal/util/inspect:347:10)
    at formatWithOptionsInternal (node:internal/util/inspect:2167:40)
    at Object.format (node:internal/util/inspect:2021:10)
    at basicLayout (C:\Users\ramon\OneDrive\Escritorio\procoder\node_modules\log4js\lib\layouts.js:65:52)
    at app (C:\Users\ramon\OneDrive\Escritorio\procoder\node_modules\log4js\lib\appenders\file.js:98:23)
    at C:\Users\ramon\OneDrive\Escritorio\procoder\node_modules\log4js\lib\log4js.js:43:5
    at Array.forEach (<anonymous>)
    at sendLogEventToAppender (C:\Users\ramon\OneDrive\Escritorio\procoder\node_modules\log4js\lib\log4js.js:42:21) {
  errors: {
    firstname: ValidatorError: Path `firstname` is required.
        at validate (C:\Users\ramon\OneDrive\Escritorio\procoder\node_modules\mongoose\lib\schematype.js:1346:13)
        at SchemaString.SchemaType.doValidate (C:\Users\ramon\OneDrive\Escritorio\procoder\node_modules\mongoose\lib\schematype.js:1330:7)
        at C:\Users\ramon\OneDrive\Escritorio\procoder\node_modules\mongoose\lib\document.js:2903:18
        at processTicksAndRejections (node:internal/process/task_queues:78:11) {
      properties: [Object],
      kind: 'required',
      path: 'firstname',
      value: undefined,
      reason: undefined,
      [Symbol(mongoose:validatorError)]: true
    }
  },
  _message: 'User validation failed'
}
[2023-01-03T09:51:02.024] [ERROR] error - MongoServerError: E11000 duplicate key error collection: desafio11.users index: email_1 dup key: { email: "ran@gmail.com" }
    at C:\Users\ramon\OneDrive\Escritorio\procoder\node_modules\mongoose\node_modules\mongodb\lib\operations\insert.js:53:33
    at C:\Users\ramon\OneDrive\Escritorio\procoder\node_modules\mongoose\node_modules\mongodb\lib\cmap\connection_pool.js:307:25
    at C:\Users\ramon\OneDrive\Escritorio\procoder\node_modules\mongoose\node_modules\mongodb\lib\sdam\server.js:213:17
    at handleOperationResult (C:\Users\ramon\OneDrive\Escritorio\procoder\node_modules\mongoose\node_modules\mongodb\lib\sdam\server.js:329:20)
    at Connection.onMessage (C:\Users\ramon\OneDrive\Escritorio\procoder\node_modules\mongoose\node_modules\mongodb\lib\cmap\connection.js:242:9)
    at MessageStream.<anonymous> (C:\Users\ramon\OneDrive\Escritorio\procoder\node_modules\mongoose\node_modules\mongodb\lib\cmap\connection.js:61:60)
    at MessageStream.emit (node:events:527:28)
    at processIncomingData (C:\Users\ramon\OneDrive\Escritorio\procoder\node_modules\mongoose\node_modules\mongodb\lib\cmap\message_stream.js:125:16)
    at MessageStream._write (C:\Users\ramon\OneDrive\Escritorio\procoder\node_modules\mongoose\node_modules\mongodb\lib\cmap\message_stream.js:33:9)
    at writeOrBuffer (node:internal/streams/writable:389:12) {
  index: 0,
  code: 11000,
  keyPattern: { email: 1 },
  keyValue: { email: 'ran@gmail.com' },
  [Symbol(errorLabels)]: Set(0) {}
}
[2023-01-03T11:10:56.301] [ERROR] error - Error signing in...
[2023-01-03T11:11:52.920] [ERROR] error - Error signing in...
[2023-01-03T11:12:38.611] [ERROR] error - Error signing in...
[2023-01-03T11:13:08.212] [ERROR] error - Error signing in...
[2023-01-03T11:13:13.224] [ERROR] error - Error signing in...
